#
# There is insufficient memory for the Java Runtime Environment to continue.
# Native memory allocation (malloc) failed to allocate 544208 bytes for Chunk::new
# Possible reasons:
#   The system is out of physical RAM or swap space
#   The process is running with CompressedOops enabled, and the Java Heap may be blocking the growth of the native heap
# Possible solutions:
#   Reduce memory load on the system
#   Increase physical memory or swap space
#   Check if swap backing store is full
#   Decrease Java heap size (-Xmx/-Xms)
#   Decrease number of Java threads
#   Decrease Java thread stack sizes (-Xss)
#   Set larger code cache with -XX:ReservedCodeCacheSize=
#   JVM is running with Zero Based Compressed Oops mode in which the Java heap is
#     placed in the first 32GB address space. The Java Heap base address is the
#     maximum limit for the native heap growth. Please use -XX:HeapBaseMinAddress
#     to set the Java Heap base and to place the Java Heap above 32GB virtual address.
# This output file may be truncated or incomplete.
#
#  Out of Memory Error (arena.cpp:166), pid=16268, tid=6068
#
# JRE version: OpenJDK Runtime Environment Zulu21.28+85-CA (21.0+35) (build 21+35)
# Java VM: OpenJDK 64-Bit Server VM Zulu21.28+85-CA (21+35, mixed mode, sharing, tiered, compressed oops, compressed class ptrs, g1 gc, windows-amd64)
# No core dump will be written. Minidumps are not enabled by default on client versions of Windows
#

---------------  S U M M A R Y ------------

Command Line: -javaagent:C:\Program Files\JetBrains\IntelliJ IDEA 2023.2.2\lib\idea_rt.jar=61248:C:\Program Files\JetBrains\IntelliJ IDEA 2023.2.2\bin -Dfile.encoding=UTF-8 -Dsun.stdout.encoding=UTF-8 -Dsun.stderr.encoding=UTF-8 --module-path=C:\Users\konte\.m2\repository\com\google\code\gson\gson\2.10.1\gson-2.10.1.jar;C:\Users\konte\.m2\repository\org\openjfx\javafx-controls\17.0.0.1\javafx-controls-17.0.0.1-win.jar;C:\Users\konte\.m2\repository\org\openjfx\javafx-graphics\17.0.0.1\javafx-graphics-17.0.0.1-win.jar;C:\Users\konte\.m2\repository\org\openjfx\javafx-base\17.0.0.1\javafx-base-17.0.0.1-win.jar;C:\Users\konte\.m2\repository\jakarta\persistence\jakarta.persistence-api\3.0.0\jakarta.persistence-api-3.0.0.jar;C:\Users\konte\.m2\repository\org\springframework\spring-core\5.2.23.RELEASE\spring-core-5.2.23.RELEASE.jar;C:\Users\konte\.m2\repository\org\springframework\spring-context\5.2.23.RELEASE\spring-context-5.2.23.RELEASE.jar;C:\Users\konte\.m2\repository\org\springframework\spring-web\5.2.23.RELEASE\spring-web-5.2.23.RELEASE.jar;C:\Users\konte\Downloads\JavaLectures-main\JavaLectures-main\Prif4Kursinis\target\classes;C:\Users\konte\.m2\repository\org\openjfx\javafx-fxml\17.0.0.1\javafx-fxml-17.0.0.1-win.jar;C:\Users\konte\.m2\repository\org\hibernate\hibernate-core-jakarta\5.6.15.Final\hibernate-core-jakarta-5.6.15.Final.jar;C:\Users\konte\.m2\repository\org\projectlombok\lombok\1.18.30\lombok-1.18.30.jar -Djdk.module.main=com.kursinis.prif4kursinis com.kursinis.prif4kursinis/com.kursinis.prif4kursinis.StartGui

Host: AMD Ryzen 5 2600 Six-Core Processor            , 12 cores, 15G,  Windows 10 , 64 bit Build 19041 (10.0.19041.3636)
Time: Wed Dec 27 17:13:31 2023 FLE Standard Time elapsed time: 1.036047 seconds (0d 0h 0m 1s)

---------------  T H R E A D  ---------------

Current thread (0x000002797ecedc30):  JavaThread "C2 CompilerThread0" daemon [_thread_in_native, id=6068, stack(0x0000008e34d00000,0x0000008e34e00000) (1024K)]


Current CompileTask:
C2:   1036 1725       4       java.util.HashMap::putVal (300 bytes)

Stack: [0x0000008e34d00000,0x0000008e34e00000]
Native frames: (J=compiled Java code, j=interpreted, Vv=VM code, C=native code)
V  [jvm.dll+0x6ce729]
V  [jvm.dll+0x8a9401]
V  [jvm.dll+0x8ab67e]
V  [jvm.dll+0x8abd53]
V  [jvm.dll+0x283be6]
V  [jvm.dll+0xc5a0d]
V  [jvm.dll+0xc5f23]
V  [jvm.dll+0x3b8e7c]
V  [jvm.dll+0x385c25]
V  [jvm.dll+0x38509a]
V  [jvm.dll+0x24c0b0]
V  [jvm.dll+0x24b691]
V  [jvm.dll+0x1cbd01]
V  [jvm.dll+0x25adb9]
V  [jvm.dll+0x25939a]
V  [jvm.dll+0x3f2986]
V  [jvm.dll+0x852288]
V  [jvm.dll+0x6cce7d]
C  [ucrtbase.dll+0x21bb2]
C  [KERNEL32.DLL+0x17344]
C  [ntdll.dll+0x526b1]


---------------  P R O C E S S  ---------------

Threads class SMR info:
_java_thread_list=0x000002797ef27ab0, length=19, elements={
0x000002796d3df0c0, 0x000002797ecdc8e0, 0x000002797ecdd540, 0x000002797ece00f0,
0x000002797ece2de0, 0x000002797ece5ff0, 0x000002797ece71f0, 0x000002797ecedc30,
0x000002797ecf26e0, 0x000002797eca5430, 0x000002797ef75910, 0x000002797eff8fb0,
0x000002797f637b90, 0x000002797f5d5a50, 0x000002797f634370, 0x000002797f809dd0,
0x000002797f80eca0, 0x000002797f9f1880, 0x00000279588500a0
}

Java Threads: ( => current thread )
  0x000002796d3df0c0 JavaThread "main"                              [_thread_blocked, id=16912, stack(0x0000008e33f00000,0x0000008e34000000) (1024K)]
  0x000002797ecdc8e0 JavaThread "Reference Handler"          daemon [_thread_blocked, id=18016, stack(0x0000008e34700000,0x0000008e34800000) (1024K)]
  0x000002797ecdd540 JavaThread "Finalizer"                  daemon [_thread_blocked, id=1312, stack(0x0000008e34800000,0x0000008e34900000) (1024K)]
  0x000002797ece00f0 JavaThread "Signal Dispatcher"          daemon [_thread_blocked, id=5852, stack(0x0000008e34900000,0x0000008e34a00000) (1024K)]
  0x000002797ece2de0 JavaThread "Attach Listener"            daemon [_thread_blocked, id=15440, stack(0x0000008e34a00000,0x0000008e34b00000) (1024K)]
  0x000002797ece5ff0 JavaThread "Service Thread"             daemon [_thread_blocked, id=24500, stack(0x0000008e34b00000,0x0000008e34c00000) (1024K)]
  0x000002797ece71f0 JavaThread "Monitor Deflation Thread"   daemon [_thread_blocked, id=10248, stack(0x0000008e34c00000,0x0000008e34d00000) (1024K)]
=>0x000002797ecedc30 JavaThread "C2 CompilerThread0"         daemon [_thread_in_native, id=6068, stack(0x0000008e34d00000,0x0000008e34e00000) (1024K)]
  0x000002797ecf26e0 JavaThread "C1 CompilerThread0"         daemon [_thread_blocked, id=6372, stack(0x0000008e34e00000,0x0000008e34f00000) (1024K)]
  0x000002797eca5430 JavaThread "Common-Cleaner"             daemon [_thread_blocked, id=16380, stack(0x0000008e34f00000,0x0000008e35000000) (1024K)]
  0x000002797ef75910 JavaThread "C2 CompilerThread1"         daemon [_thread_in_native, id=3820, stack(0x0000008e35000000,0x0000008e35100000) (1024K)]
  0x000002797eff8fb0 JavaThread "C2 CompilerThread2"         daemon [_thread_blocked, id=21860, stack(0x0000008e35100000,0x0000008e35200000) (1024K)]
  0x000002797f637b90 JavaThread "Monitor Ctrl-Break"         daemon [_thread_in_native, id=2880, stack(0x0000008e35200000,0x0000008e35300000) (1024K)]
  0x000002797f5d5a50 JavaThread "Notification Thread"        daemon [_thread_blocked, id=25480, stack(0x0000008e35300000,0x0000008e35400000) (1024K)]
  0x000002797f634370 JavaThread "QuantumRenderer-0"          daemon [_thread_blocked, id=7848, stack(0x0000008e35400000,0x0000008e35500000) (1024K)]
  0x000002797f809dd0 JavaThread "InvokeLaterDispatcher"      daemon [_thread_blocked, id=9208, stack(0x0000008e35700000,0x0000008e35800000) (1024K)]
  0x000002797f80eca0 JavaThread "JavaFX Application Thread"         [_thread_in_vm, id=23256, stack(0x0000008e35800000,0x0000008e35900000) (1024K)]
  0x000002797f9f1880 JavaThread "JavaFX-Launcher"                   [_thread_blocked, id=7068, stack(0x0000008e36700000,0x0000008e36800000) (1024K)]
  0x00000279588500a0 JavaThread "Thread-2"                   daemon [_thread_in_native, id=17540, stack(0x0000008e36600000,0x0000008e36700000) (1024K)]
Total: 19

Other Threads:
  0x000002797ecbd330 VMThread "VM Thread"                           [id=5168, stack(0x0000008e34600000,0x0000008e34700000) (1024K)]
  0x000002797eca4850 WatcherThread "VM Periodic Task Thread"        [id=4184, stack(0x0000008e34500000,0x0000008e34600000) (1024K)]
  0x000002796d447a70 WorkerThread "GC Thread#0"                     [id=24624, stack(0x0000008e34000000,0x0000008e34100000) (1024K)]
  0x000002797f9652f0 WorkerThread "GC Thread#1"                     [id=25556, stack(0x0000008e36100000,0x0000008e36200000) (1024K)]
  0x000002797f983270 WorkerThread "GC Thread#2"                     [id=7512, stack(0x0000008e36200000,0x0000008e36300000) (1024K)]
  0x000002797f983610 WorkerThread "GC Thread#3"                     [id=10492, stack(0x0000008e36300000,0x0000008e36400000) (1024K)]
  0x000002797f98d9d0 WorkerThread "GC Thread#4"                     [id=7828, stack(0x0000008e36400000,0x0000008e36500000) (1024K)]
  0x000002797f99a3a0 WorkerThread "GC Thread#5"                     [id=17748, stack(0x0000008e36500000,0x0000008e36600000) (1024K)]
  0x000002796d458990 ConcurrentGCThread "G1 Main Marker"            [id=18672, stack(0x0000008e34100000,0x0000008e34200000) (1024K)]
  0x000002796d45c2c0 WorkerThread "G1 Conc#0"                       [id=8796, stack(0x0000008e34200000,0x0000008e34300000) (1024K)]
  0x000002796d4ae430 ConcurrentGCThread "G1 Refine#0"               [id=4244, stack(0x0000008e34300000,0x0000008e34400000) (1024K)]
  0x000002797eb68d30 ConcurrentGCThread "G1 Service"                [id=17716, stack(0x0000008e34400000,0x0000008e34500000) (1024K)]
Total: 12

Threads with active compile tasks:
C2 CompilerThread0     1076 1725       4       java.util.HashMap::putVal (300 bytes)
C2 CompilerThread1     1076 1735       4       java.util.HashMap::put (13 bytes)
Total: 2

VM state: not at safepoint (normal execution)

VM Mutex/Monitor currently owned by a thread:  ([mutex/lock_event])
[0x00007ffbbe0c8918] Metaspace_lock - owner thread: 0x000002797f80eca0

Heap address: 0x0000000700c00000, size: 4084 MB, Compressed Oops mode: Zero based, Oop shift amount: 3

CDS archive(s) mapped at: [0x000002790f000000-0x000002790fc90000-0x000002790fc90000), size 13172736, SharedBaseAddress: 0x000002790f000000, ArchiveRelocationMode: 1.
Compressed class space mapped at: 0x0000027910000000-0x0000027950000000, reserved size: 1073741824
Narrow klass base: 0x000002790f000000, Narrow klass shift: 0, Narrow klass range: 0x100000000

GC Precious Log:
 CardTable entry size: 512
 Card Set container configuration: InlinePtr #cards 4 size 8 Array Of Cards #cards 16 size 48 Howl #buckets 8 coarsen threshold 3686 Howl Bitmap #cards 512 size 80 coarsen threshold 460 Card regions per heap region 1 cards per card region 4096
 CPUs: 12 total, 12 available
 Memory: 16331M
 Large Page Support: Disabled
 NUMA Support: Disabled
 Compressed Oops: Enabled (Zero based)
 Heap Region Size: 2M
 Heap Min Capacity: 8M
 Heap Initial Capacity: 256M
 Heap Max Capacity: 4084M
 Pre-touch: Disabled
 Parallel Workers: 10
 Concurrent Workers: 3
 Concurrent Refinement Workers: 10
 Periodic GC: Disabled

Heap:
 garbage-first heap   total 262144K, used 25173K [0x0000000700c00000, 0x0000000800000000)
  region size 2048K, 15 young (30720K), 2 survivors (4096K)
 Metaspace       used 16046K, committed 16320K, reserved 1114112K
  class space    used 2073K, committed 2176K, reserved 1048576K

Heap Regions: E=young(eden), S=young(survivor), O=old, HS=humongous(starts), HC=humongous(continues), CS=collection set, F=free, TAMS=top-at-mark-start, PB=parsable bottom
|   0|0x0000000700c00000, 0x0000000700c00000, 0x0000000700e00000|  0%| F|  |TAMS 0x0000000700c00000| PB 0x0000000700c00000| Untracked 
|   1|0x0000000700e00000, 0x0000000700e00000, 0x0000000701000000|  0%| F|  |TAMS 0x0000000700e00000| PB 0x0000000700e00000| Untracked 
|   2|0x0000000701000000, 0x0000000701000000, 0x0000000701200000|  0%| F|  |TAMS 0x0000000701000000| PB 0x0000000701000000| Untracked 
|   3|0x0000000701200000, 0x0000000701200000, 0x0000000701400000|  0%| F|  |TAMS 0x0000000701200000| PB 0x0000000701200000| Untracked 
|   4|0x0000000701400000, 0x0000000701400000, 0x0000000701600000|  0%| F|  |TAMS 0x0000000701400000| PB 0x0000000701400000| Untracked 
|   5|0x0000000701600000, 0x0000000701600000, 0x0000000701800000|  0%| F|  |TAMS 0x0000000701600000| PB 0x0000000701600000| Untracked 
|   6|0x0000000701800000, 0x0000000701800000, 0x0000000701a00000|  0%| F|  |TAMS 0x0000000701800000| PB 0x0000000701800000| Untracked 
|   7|0x0000000701a00000, 0x0000000701a00000, 0x0000000701c00000|  0%| F|  |TAMS 0x0000000701a00000| PB 0x0000000701a00000| Untracked 
|   8|0x0000000701c00000, 0x0000000701c00000, 0x0000000701e00000|  0%| F|  |TAMS 0x0000000701c00000| PB 0x0000000701c00000| Untracked 
|   9|0x0000000701e00000, 0x0000000701e00000, 0x0000000702000000|  0%| F|  |TAMS 0x0000000701e00000| PB 0x0000000701e00000| Untracked 
|  10|0x0000000702000000, 0x0000000702000000, 0x0000000702200000|  0%| F|  |TAMS 0x0000000702000000| PB 0x0000000702000000| Untracked 
|  11|0x0000000702200000, 0x0000000702200000, 0x0000000702400000|  0%| F|  |TAMS 0x0000000702200000| PB 0x0000000702200000| Untracked 
|  12|0x0000000702400000, 0x0000000702400000, 0x0000000702600000|  0%| F|  |TAMS 0x0000000702400000| PB 0x0000000702400000| Untracked 
|  13|0x0000000702600000, 0x0000000702600000, 0x0000000702800000|  0%| F|  |TAMS 0x0000000702600000| PB 0x0000000702600000| Untracked 
|  14|0x0000000702800000, 0x0000000702800000, 0x0000000702a00000|  0%| F|  |TAMS 0x0000000702800000| PB 0x0000000702800000| Untracked 
|  15|0x0000000702a00000, 0x0000000702a00000, 0x0000000702c00000|  0%| F|  |TAMS 0x0000000702a00000| PB 0x0000000702a00000| Untracked 
|  16|0x0000000702c00000, 0x0000000702c00000, 0x0000000702e00000|  0%| F|  |TAMS 0x0000000702c00000| PB 0x0000000702c00000| Untracked 
|  17|0x0000000702e00000, 0x0000000702e00000, 0x0000000703000000|  0%| F|  |TAMS 0x0000000702e00000| PB 0x0000000702e00000| Untracked 
|  18|0x0000000703000000, 0x0000000703000000, 0x0000000703200000|  0%| F|  |TAMS 0x0000000703000000| PB 0x0000000703000000| Untracked 
|  19|0x0000000703200000, 0x0000000703200000, 0x0000000703400000|  0%| F|  |TAMS 0x0000000703200000| PB 0x0000000703200000| Untracked 
|  20|0x0000000703400000, 0x0000000703400000, 0x0000000703600000|  0%| F|  |TAMS 0x0000000703400000| PB 0x0000000703400000| Untracked 
|  21|0x0000000703600000, 0x0000000703600000, 0x0000000703800000|  0%| F|  |TAMS 0x0000000703600000| PB 0x0000000703600000| Untracked 
|  22|0x0000000703800000, 0x0000000703800000, 0x0000000703a00000|  0%| F|  |TAMS 0x0000000703800000| PB 0x0000000703800000| Untracked 
|  23|0x0000000703a00000, 0x0000000703a00000, 0x0000000703c00000|  0%| F|  |TAMS 0x0000000703a00000| PB 0x0000000703a00000| Untracked 
|  24|0x0000000703c00000, 0x0000000703c00000, 0x0000000703e00000|  0%| F|  |TAMS 0x0000000703c00000| PB 0x0000000703c00000| Untracked 
|  25|0x0000000703e00000, 0x0000000703e00000, 0x0000000704000000|  0%| F|  |TAMS 0x0000000703e00000| PB 0x0000000703e00000| Untracked 
|  26|0x0000000704000000, 0x0000000704000000, 0x0000000704200000|  0%| F|  |TAMS 0x0000000704000000| PB 0x0000000704000000| Untracked 
|  27|0x0000000704200000, 0x0000000704200000, 0x0000000704400000|  0%| F|  |TAMS 0x0000000704200000| PB 0x0000000704200000| Untracked 
|  28|0x0000000704400000, 0x0000000704400000, 0x0000000704600000|  0%| F|  |TAMS 0x0000000704400000| PB 0x0000000704400000| Untracked 
|  29|0x0000000704600000, 0x0000000704600000, 0x0000000704800000|  0%| F|  |TAMS 0x0000000704600000| PB 0x0000000704600000| Untracked 
|  30|0x0000000704800000, 0x0000000704800000, 0x0000000704a00000|  0%| F|  |TAMS 0x0000000704800000| PB 0x0000000704800000| Untracked 
|  31|0x0000000704a00000, 0x0000000704a00000, 0x0000000704c00000|  0%| F|  |TAMS 0x0000000704a00000| PB 0x0000000704a00000| Untracked 
|  32|0x0000000704c00000, 0x0000000704c00000, 0x0000000704e00000|  0%| F|  |TAMS 0x0000000704c00000| PB 0x0000000704c00000| Untracked 
|  33|0x0000000704e00000, 0x0000000704e00000, 0x0000000705000000|  0%| F|  |TAMS 0x0000000704e00000| PB 0x0000000704e00000| Untracked 
|  34|0x0000000705000000, 0x0000000705000000, 0x0000000705200000|  0%| F|  |TAMS 0x0000000705000000| PB 0x0000000705000000| Untracked 
|  35|0x0000000705200000, 0x0000000705200000, 0x0000000705400000|  0%| F|  |TAMS 0x0000000705200000| PB 0x0000000705200000| Untracked 
|  36|0x0000000705400000, 0x0000000705400000, 0x0000000705600000|  0%| F|  |TAMS 0x0000000705400000| PB 0x0000000705400000| Untracked 
|  37|0x0000000705600000, 0x0000000705600000, 0x0000000705800000|  0%| F|  |TAMS 0x0000000705600000| PB 0x0000000705600000| Untracked 
|  38|0x0000000705800000, 0x0000000705800000, 0x0000000705a00000|  0%| F|  |TAMS 0x0000000705800000| PB 0x0000000705800000| Untracked 
|  39|0x0000000705a00000, 0x0000000705a00000, 0x0000000705c00000|  0%| F|  |TAMS 0x0000000705a00000| PB 0x0000000705a00000| Untracked 
|  40|0x0000000705c00000, 0x0000000705c00000, 0x0000000705e00000|  0%| F|  |TAMS 0x0000000705c00000| PB 0x0000000705c00000| Untracked 
|  41|0x0000000705e00000, 0x0000000705e00000, 0x0000000706000000|  0%| F|  |TAMS 0x0000000705e00000| PB 0x0000000705e00000| Untracked 
|  42|0x0000000706000000, 0x0000000706000000, 0x0000000706200000|  0%| F|  |TAMS 0x0000000706000000| PB 0x0000000706000000| Untracked 
|  43|0x0000000706200000, 0x0000000706200000, 0x0000000706400000|  0%| F|  |TAMS 0x0000000706200000| PB 0x0000000706200000| Untracked 
|  44|0x0000000706400000, 0x0000000706400000, 0x0000000706600000|  0%| F|  |TAMS 0x0000000706400000| PB 0x0000000706400000| Untracked 
|  45|0x0000000706600000, 0x0000000706600000, 0x0000000706800000|  0%| F|  |TAMS 0x0000000706600000| PB 0x0000000706600000| Untracked 
|  46|0x0000000706800000, 0x0000000706800000, 0x0000000706a00000|  0%| F|  |TAMS 0x0000000706800000| PB 0x0000000706800000| Untracked 
|  47|0x0000000706a00000, 0x0000000706a00000, 0x0000000706c00000|  0%| F|  |TAMS 0x0000000706a00000| PB 0x0000000706a00000| Untracked 
|  48|0x0000000706c00000, 0x0000000706c00000, 0x0000000706e00000|  0%| F|  |TAMS 0x0000000706c00000| PB 0x0000000706c00000| Untracked 
|  49|0x0000000706e00000, 0x0000000706e00000, 0x0000000707000000|  0%| F|  |TAMS 0x0000000706e00000| PB 0x0000000706e00000| Untracked 
|  50|0x0000000707000000, 0x0000000707000000, 0x0000000707200000|  0%| F|  |TAMS 0x0000000707000000| PB 0x0000000707000000| Untracked 
|  51|0x0000000707200000, 0x0000000707200000, 0x0000000707400000|  0%| F|  |TAMS 0x0000000707200000| PB 0x0000000707200000| Untracked 
|  52|0x0000000707400000, 0x0000000707400000, 0x0000000707600000|  0%| F|  |TAMS 0x0000000707400000| PB 0x0000000707400000| Untracked 
|  53|0x0000000707600000, 0x0000000707600000, 0x0000000707800000|  0%| F|  |TAMS 0x0000000707600000| PB 0x0000000707600000| Untracked 
|  54|0x0000000707800000, 0x0000000707800000, 0x0000000707a00000|  0%| F|  |TAMS 0x0000000707800000| PB 0x0000000707800000| Untracked 
|  55|0x0000000707a00000, 0x0000000707a00000, 0x0000000707c00000|  0%| F|  |TAMS 0x0000000707a00000| PB 0x0000000707a00000| Untracked 
|  56|0x0000000707c00000, 0x0000000707c00000, 0x0000000707e00000|  0%| F|  |TAMS 0x0000000707c00000| PB 0x0000000707c00000| Untracked 
|  57|0x0000000707e00000, 0x0000000707e00000, 0x0000000708000000|  0%| F|  |TAMS 0x0000000707e00000| PB 0x0000000707e00000| Untracked 
|  58|0x0000000708000000, 0x0000000708000000, 0x0000000708200000|  0%| F|  |TAMS 0x0000000708000000| PB 0x0000000708000000| Untracked 
|  59|0x0000000708200000, 0x0000000708200000, 0x0000000708400000|  0%| F|  |TAMS 0x0000000708200000| PB 0x0000000708200000| Untracked 
|  60|0x0000000708400000, 0x0000000708400000, 0x0000000708600000|  0%| F|  |TAMS 0x0000000708400000| PB 0x0000000708400000| Untracked 
|  61|0x0000000708600000, 0x0000000708600000, 0x0000000708800000|  0%| F|  |TAMS 0x0000000708600000| PB 0x0000000708600000| Untracked 
|  62|0x0000000708800000, 0x0000000708800000, 0x0000000708a00000|  0%| F|  |TAMS 0x0000000708800000| PB 0x0000000708800000| Untracked 
|  63|0x0000000708a00000, 0x0000000708a00000, 0x0000000708c00000|  0%| F|  |TAMS 0x0000000708a00000| PB 0x0000000708a00000| Untracked 
|  64|0x0000000708c00000, 0x0000000708c00000, 0x0000000708e00000|  0%| F|  |TAMS 0x0000000708c00000| PB 0x0000000708c00000| Untracked 
|  65|0x0000000708e00000, 0x0000000708e00000, 0x0000000709000000|  0%| F|  |TAMS 0x0000000708e00000| PB 0x0000000708e00000| Untracked 
|  66|0x0000000709000000, 0x0000000709000000, 0x0000000709200000|  0%| F|  |TAMS 0x0000000709000000| PB 0x0000000709000000| Untracked 
|  67|0x0000000709200000, 0x0000000709200000, 0x0000000709400000|  0%| F|  |TAMS 0x0000000709200000| PB 0x0000000709200000| Untracked 
|  68|0x0000000709400000, 0x0000000709400000, 0x0000000709600000|  0%| F|  |TAMS 0x0000000709400000| PB 0x0000000709400000| Untracked 
|  69|0x0000000709600000, 0x0000000709600000, 0x0000000709800000|  0%| F|  |TAMS 0x0000000709600000| PB 0x0000000709600000| Untracked 
|  70|0x0000000709800000, 0x0000000709800000, 0x0000000709a00000|  0%| F|  |TAMS 0x0000000709800000| PB 0x0000000709800000| Untracked 
|  71|0x0000000709a00000, 0x0000000709a00000, 0x0000000709c00000|  0%| F|  |TAMS 0x0000000709a00000| PB 0x0000000709a00000| Untracked 
|  72|0x0000000709c00000, 0x0000000709c00000, 0x0000000709e00000|  0%| F|  |TAMS 0x0000000709c00000| PB 0x0000000709c00000| Untracked 
|  73|0x0000000709e00000, 0x0000000709e00000, 0x000000070a000000|  0%| F|  |TAMS 0x0000000709e00000| PB 0x0000000709e00000| Untracked 
|  74|0x000000070a000000, 0x000000070a000000, 0x000000070a200000|  0%| F|  |TAMS 0x000000070a000000| PB 0x000000070a000000| Untracked 
|  75|0x000000070a200000, 0x000000070a200000, 0x000000070a400000|  0%| F|  |TAMS 0x000000070a200000| PB 0x000000070a200000| Untracked 
|  76|0x000000070a400000, 0x000000070a400000, 0x000000070a600000|  0%| F|  |TAMS 0x000000070a400000| PB 0x000000070a400000| Untracked 
|  77|0x000000070a600000, 0x000000070a600000, 0x000000070a800000|  0%| F|  |TAMS 0x000000070a600000| PB 0x000000070a600000| Untracked 
|  78|0x000000070a800000, 0x000000070a800000, 0x000000070aa00000|  0%| F|  |TAMS 0x000000070a800000| PB 0x000000070a800000| Untracked 
|  79|0x000000070aa00000, 0x000000070aa00000, 0x000000070ac00000|  0%| F|  |TAMS 0x000000070aa00000| PB 0x000000070aa00000| Untracked 
|  80|0x000000070ac00000, 0x000000070ac00000, 0x000000070ae00000|  0%| F|  |TAMS 0x000000070ac00000| PB 0x000000070ac00000| Untracked 
|  81|0x000000070ae00000, 0x000000070ae00000, 0x000000070b000000|  0%| F|  |TAMS 0x000000070ae00000| PB 0x000000070ae00000| Untracked 
|  82|0x000000070b000000, 0x000000070b000000, 0x000000070b200000|  0%| F|  |TAMS 0x000000070b000000| PB 0x000000070b000000| Untracked 
|  83|0x000000070b200000, 0x000000070b200000, 0x000000070b400000|  0%| F|  |TAMS 0x000000070b200000| PB 0x000000070b200000| Untracked 
|  84|0x000000070b400000, 0x000000070b400000, 0x000000070b600000|  0%| F|  |TAMS 0x000000070b400000| PB 0x000000070b400000| Untracked 
|  85|0x000000070b600000, 0x000000070b600000, 0x000000070b800000|  0%| F|  |TAMS 0x000000070b600000| PB 0x000000070b600000| Untracked 
|  86|0x000000070b800000, 0x000000070b800000, 0x000000070ba00000|  0%| F|  |TAMS 0x000000070b800000| PB 0x000000070b800000| Untracked 
|  87|0x000000070ba00000, 0x000000070ba00000, 0x000000070bc00000|  0%| F|  |TAMS 0x000000070ba00000| PB 0x000000070ba00000| Untracked 
|  88|0x000000070bc00000, 0x000000070bc00000, 0x000000070be00000|  0%| F|  |TAMS 0x000000070bc00000| PB 0x000000070bc00000| Untracked 
|  89|0x000000070be00000, 0x000000070be00000, 0x000000070c000000|  0%| F|  |TAMS 0x000000070be00000| PB 0x000000070be00000| Untracked 
|  90|0x000000070c000000, 0x000000070c000000, 0x000000070c200000|  0%| F|  |TAMS 0x000000070c000000| PB 0x000000070c000000| Untracked 
|  91|0x000000070c200000, 0x000000070c200000, 0x000000070c400000|  0%| F|  |TAMS 0x000000070c200000| PB 0x000000070c200000| Untracked 
|  92|0x000000070c400000, 0x000000070c400000, 0x000000070c600000|  0%| F|  |TAMS 0x000000070c400000| PB 0x000000070c400000| Untracked 
|  93|0x000000070c600000, 0x000000070c600000, 0x000000070c800000|  0%| F|  |TAMS 0x000000070c600000| PB 0x000000070c600000| Untracked 
|  94|0x000000070c800000, 0x000000070c800000, 0x000000070ca00000|  0%| F|  |TAMS 0x000000070c800000| PB 0x000000070c800000| Untracked 
|  95|0x000000070ca00000, 0x000000070ca00000, 0x000000070cc00000|  0%| F|  |TAMS 0x000000070ca00000| PB 0x000000070ca00000| Untracked 
|  96|0x000000070cc00000, 0x000000070cc00000, 0x000000070ce00000|  0%| F|  |TAMS 0x000000070cc00000| PB 0x000000070cc00000| Untracked 
|  97|0x000000070ce00000, 0x000000070ce00000, 0x000000070d000000|  0%| F|  |TAMS 0x000000070ce00000| PB 0x000000070ce00000| Untracked 
|  98|0x000000070d000000, 0x000000070d000000, 0x000000070d200000|  0%| F|  |TAMS 0x000000070d000000| PB 0x000000070d000000| Untracked 
|  99|0x000000070d200000, 0x000000070d200000, 0x000000070d400000|  0%| F|  |TAMS 0x000000070d200000| PB 0x000000070d200000| Untracked 
| 100|0x000000070d400000, 0x000000070d400000, 0x000000070d600000|  0%| F|  |TAMS 0x000000070d400000| PB 0x000000070d400000| Untracked 
| 101|0x000000070d600000, 0x000000070d600000, 0x000000070d800000|  0%| F|  |TAMS 0x000000070d600000| PB 0x000000070d600000| Untracked 
| 102|0x000000070d800000, 0x000000070d800000, 0x000000070da00000|  0%| F|  |TAMS 0x000000070d800000| PB 0x000000070d800000| Untracked 
| 103|0x000000070da00000, 0x000000070da00000, 0x000000070dc00000|  0%| F|  |TAMS 0x000000070da00000| PB 0x000000070da00000| Untracked 
| 104|0x000000070dc00000, 0x000000070dc00000, 0x000000070de00000|  0%| F|  |TAMS 0x000000070dc00000| PB 0x000000070dc00000| Untracked 
| 105|0x000000070de00000, 0x000000070de00000, 0x000000070e000000|  0%| F|  |TAMS 0x000000070de00000| PB 0x000000070de00000| Untracked 
| 106|0x000000070e000000, 0x000000070e000000, 0x000000070e200000|  0%| F|  |TAMS 0x000000070e000000| PB 0x000000070e000000| Untracked 
| 107|0x000000070e200000, 0x000000070e200000, 0x000000070e400000|  0%| F|  |TAMS 0x000000070e200000| PB 0x000000070e200000| Untracked 
| 108|0x000000070e400000, 0x000000070e400000, 0x000000070e600000|  0%| F|  |TAMS 0x000000070e400000| PB 0x000000070e400000| Untracked 
| 109|0x000000070e600000, 0x000000070e600000, 0x000000070e800000|  0%| F|  |TAMS 0x000000070e600000| PB 0x000000070e600000| Untracked 
| 110|0x000000070e800000, 0x000000070e800000, 0x000000070ea00000|  0%| F|  |TAMS 0x000000070e800000| PB 0x000000070e800000| Untracked 
| 111|0x000000070ea00000, 0x000000070ea00000, 0x000000070ec00000|  0%| F|  |TAMS 0x000000070ea00000| PB 0x000000070ea00000| Untracked 
| 112|0x000000070ec00000, 0x000000070ec00000, 0x000000070ee00000|  0%| F|  |TAMS 0x000000070ec00000| PB 0x000000070ec00000| Untracked 
| 113|0x000000070ee00000, 0x000000070eeed8d0, 0x000000070f000000| 46%| E|  |TAMS 0x000000070ee00000| PB 0x000000070ee00000| Complete 
| 114|0x000000070f000000, 0x000000070f200000, 0x000000070f200000|100%| E|CS|TAMS 0x000000070f000000| PB 0x000000070f000000| Complete 
| 115|0x000000070f200000, 0x000000070f295600, 0x000000070f400000| 29%| S|CS|TAMS 0x000000070f200000| PB 0x000000070f200000| Complete 
| 116|0x000000070f400000, 0x000000070f600000, 0x000000070f600000|100%| S|CS|TAMS 0x000000070f400000| PB 0x000000070f400000| Complete 
| 117|0x000000070f600000, 0x000000070f800000, 0x000000070f800000|100%| E|CS|TAMS 0x000000070f600000| PB 0x000000070f600000| Complete 
| 118|0x000000070f800000, 0x000000070fa00000, 0x000000070fa00000|100%| E|CS|TAMS 0x000000070f800000| PB 0x000000070f800000| Complete 
| 119|0x000000070fa00000, 0x000000070fc00000, 0x000000070fc00000|100%| E|CS|TAMS 0x000000070fa00000| PB 0x000000070fa00000| Complete 
| 120|0x000000070fc00000, 0x000000070fe00000, 0x000000070fe00000|100%| E|  |TAMS 0x000000070fc00000| PB 0x000000070fc00000| Complete 
| 121|0x000000070fe00000, 0x0000000710000000, 0x0000000710000000|100%| E|CS|TAMS 0x000000070fe00000| PB 0x000000070fe00000| Complete 
| 122|0x0000000710000000, 0x0000000710200000, 0x0000000710200000|100%| E|CS|TAMS 0x0000000710000000| PB 0x0000000710000000| Complete 
| 123|0x0000000710200000, 0x0000000710400000, 0x0000000710400000|100%| E|CS|TAMS 0x0000000710200000| PB 0x0000000710200000| Complete 
| 124|0x0000000710400000, 0x0000000710600000, 0x0000000710600000|100%| E|CS|TAMS 0x0000000710400000| PB 0x0000000710400000| Complete 
| 125|0x0000000710600000, 0x0000000710800000, 0x0000000710800000|100%| E|CS|TAMS 0x0000000710600000| PB 0x0000000710600000| Complete 
| 126|0x0000000710800000, 0x0000000710a00000, 0x0000000710a00000|100%| E|CS|TAMS 0x0000000710800000| PB 0x0000000710800000| Complete 
| 127|0x0000000710a00000, 0x0000000710c00000, 0x0000000710c00000|100%| E|CS|TAMS 0x0000000710a00000| PB 0x0000000710a00000| Complete 

Card table byte_map: [0x00000279778b0000,0x00000279780b0000] _byte_map_base: 0x00000279740aa000

Marking Bits: (CMBitMap*) 0x000002796d448170
 Bits: [0x00000279780b0000, 0x000002797c080000)

Polling page: 0x000002796b140000

Metaspace:

Usage:
  Non-class:     13.65 MB used.
      Class:      2.02 MB used.
       Both:     15.67 MB used.

Virtual space:
  Non-class space:       64.00 MB reserved,      13.81 MB ( 22%) committed,  1 nodes.
      Class space:        1.00 GB reserved,       2.12 MB ( <1%) committed,  1 nodes.
             Both:        1.06 GB reserved,      15.94 MB (  1%) committed. 

Chunk freelists:
   Non-Class:  2.06 MB
       Class:  13.86 MB
        Both:  15.92 MB

MaxMetaspaceSize: unlimited
CompressedClassSpaceSize: 1.00 GB
Initial GC threshold: 21.00 MB
Current GC threshold: 21.00 MB
CDS: on
 - commit_granule_bytes: 65536.
 - commit_granule_words: 8192.
 - virtual_space_node_default_size: 8388608.
 - enlarge_chunks_in_place: 1.
 - use_allocation_guard: 0.


Internal statistics:

num_allocs_failed_limit: 0.
num_arena_births: 336.
num_arena_deaths: 0.
num_vsnodes_births: 2.
num_vsnodes_deaths: 0.
num_space_committed: 255.
num_space_uncommitted: 0.
num_chunks_returned_to_freelist: 0.
num_chunks_taken_from_freelist: 746.
num_chunk_merges: 0.
num_chunk_splits: 505.
num_chunks_enlarged: 367.
num_inconsistent_stats: 0.

CodeHeap 'non-profiled nmethods': size=120000Kb used=810Kb max_used=810Kb free=119189Kb
 bounds [0x0000027907ad0000, 0x0000027907d40000, 0x000002790f000000]
CodeHeap 'profiled nmethods': size=120000Kb used=3108Kb max_used=3108Kb free=116891Kb
 bounds [0x0000027900000000, 0x0000027900310000, 0x0000027907530000]
CodeHeap 'non-nmethods': size=5760Kb used=1582Kb max_used=1630Kb free=4177Kb
 bounds [0x0000027907530000, 0x00000279077a0000, 0x0000027907ad0000]
 total_blobs=2411 nmethods=1768 adapters=548
 compilation: enabled
              stopped_count=0, restarted_count=0
 full_count=0

Compilation events (20 events):
Event: 1.028 Thread 0x000002797ecf26e0 nmethod 1751 0x00000279002f8990 code [0x00000279002f8b40, 0x00000279002f8d90]
Event: 1.029 Thread 0x000002797ecf26e0 1752       3       jdk.internal.org.objectweb.asm.Frame::putAbstractType (379 bytes)
Event: 1.029 Thread 0x000002797ecf26e0 nmethod 1752 0x00000279002f8f10 code [0x00000279002f9360, 0x00000279002fab58]
Event: 1.030 Thread 0x000002797ecf26e0 1753       3       java.util.StringJoiner::<init> (63 bytes)
Event: 1.030 Thread 0x000002797ecf26e0 nmethod 1753 0x00000279002fb590 code [0x00000279002fb7e0, 0x00000279002fc170]
Event: 1.030 Thread 0x000002797ecf26e0 1754       3       java.util.StringJoiner::toString (53 bytes)
Event: 1.030 Thread 0x000002797ecf26e0 nmethod 1754 0x00000279002fc490 code [0x00000279002fc640, 0x00000279002fc878]
Event: 1.030 Thread 0x000002797ecf26e0 1755       3       jdk.internal.org.objectweb.asm.FieldVisitor::<init> (78 bytes)
Event: 1.030 Thread 0x000002797ecf26e0 nmethod 1755 0x00000279002fc910 code [0x00000279002fcb40, 0x00000279002fd320]
Event: 1.031 Thread 0x000002797ecf26e0 1756   !   3       java.util.AbstractList$Itr::next (46 bytes)
Event: 1.032 Thread 0x000002797ecf26e0 nmethod 1756 0x00000279002fd610 code [0x00000279002fd820, 0x00000279002fdd98]
Event: 1.032 Thread 0x000002797ecf26e0 1757       3       java.util.AbstractList$Itr::checkForComodification (23 bytes)
Event: 1.032 Thread 0x000002797ecf26e0 nmethod 1757 0x00000279002fe010 code [0x00000279002fe1c0, 0x00000279002fe398]
Event: 1.032 Thread 0x000002797ecf26e0 1758   !   3       java.util.jar.JarFile::getManifestFromReference (197 bytes)
Event: 1.033 Thread 0x000002797ecf26e0 nmethod 1758 0x00000279002fe490 code [0x00000279002fe7c0, 0x00000279002ffcf0]
Event: 1.033 Thread 0x000002797ecf26e0 1761       3       java.lang.StringLatin1::getChar (9 bytes)
Event: 1.033 Thread 0x000002797eff8fb0 1765       4       java.lang.StringConcatHelper::prepend (37 bytes)
Event: 1.033 Thread 0x000002797ecf26e0 nmethod 1761 0x0000027900300410 code [0x00000279003005a0, 0x00000279003006c0]
Event: 1.033 Thread 0x000002797ecf26e0 1762       3       java.lang.String::compareTo (63 bytes)
Event: 1.033 Thread 0x000002797ecf26e0 nmethod 1762 0x0000027900300790 code [0x00000279003009a0, 0x0000027900300e48]

GC Heap History (2 events):
Event: 0.487 GC heap before
{Heap before GC invocations=0 (full 0):
 garbage-first heap   total 262144K, used 20480K [0x0000000700c00000, 0x0000000800000000)
  region size 2048K, 11 young (22528K), 0 survivors (0K)
 Metaspace       used 3696K, committed 3904K, reserved 1114112K
  class space    used 374K, committed 448K, reserved 1048576K
}
Event: 0.491 GC heap after
{Heap after GC invocations=1 (full 0):
 garbage-first heap   total 262144K, used 2645K [0x0000000700c00000, 0x0000000800000000)
  region size 2048K, 2 young (4096K), 2 survivors (4096K)
 Metaspace       used 3696K, committed 3904K, reserved 1114112K
  class space    used 374K, committed 448K, reserved 1048576K
}

Dll operation events (20 events):
Event: 0.358 Loaded shared library C:\Users\konte\Downloads\zulu21.28.85-ca-fx-jdk21.0.0-win_x64\bin\api-ms-win-crt-locale-l1-1-0.dll
Event: 0.360 Loaded shared library C:\Users\konte\Downloads\zulu21.28.85-ca-fx-jdk21.0.0-win_x64\bin\api-ms-win-crt-math-l1-1-0.dll
Event: 0.362 Loaded shared library C:\Users\konte\Downloads\zulu21.28.85-ca-fx-jdk21.0.0-win_x64\bin\api-ms-win-crt-multibyte-l1-1-0.dll
Event: 0.363 Loaded shared library C:\Users\konte\Downloads\zulu21.28.85-ca-fx-jdk21.0.0-win_x64\bin\api-ms-win-crt-private-l1-1-0.dll
Event: 0.365 Loaded shared library C:\Users\konte\Downloads\zulu21.28.85-ca-fx-jdk21.0.0-win_x64\bin\api-ms-win-crt-process-l1-1-0.dll
Event: 0.367 Loaded shared library C:\Users\konte\Downloads\zulu21.28.85-ca-fx-jdk21.0.0-win_x64\bin\api-ms-win-crt-runtime-l1-1-0.dll
Event: 0.369 Loaded shared library C:\Users\konte\Downloads\zulu21.28.85-ca-fx-jdk21.0.0-win_x64\bin\api-ms-win-crt-stdio-l1-1-0.dll
Event: 0.370 Loaded shared library C:\Users\konte\Downloads\zulu21.28.85-ca-fx-jdk21.0.0-win_x64\bin\api-ms-win-crt-string-l1-1-0.dll
Event: 0.372 Loaded shared library C:\Users\konte\Downloads\zulu21.28.85-ca-fx-jdk21.0.0-win_x64\bin\api-ms-win-crt-time-l1-1-0.dll
Event: 0.373 Loaded shared library C:\Users\konte\Downloads\zulu21.28.85-ca-fx-jdk21.0.0-win_x64\bin\api-ms-win-crt-utility-l1-1-0.dll
Event: 0.375 Loaded shared library C:\Users\konte\Downloads\zulu21.28.85-ca-fx-jdk21.0.0-win_x64\bin\ucrtbase.dll
Event: 0.377 Loaded shared library C:\Users\konte\Downloads\zulu21.28.85-ca-fx-jdk21.0.0-win_x64\bin\vcruntime140.dll
Event: 0.378 Loaded shared library C:\Users\konte\Downloads\zulu21.28.85-ca-fx-jdk21.0.0-win_x64\bin\vcruntime140_1.dll
Event: 0.379 Loaded shared library C:\Users\konte\Downloads\zulu21.28.85-ca-fx-jdk21.0.0-win_x64\bin\msvcp140.dll
Event: 0.380 Loaded shared library C:\Users\konte\Downloads\zulu21.28.85-ca-fx-jdk21.0.0-win_x64\bin\msvcp140_1.dll
Event: 0.382 Loaded shared library C:\Users\konte\Downloads\zulu21.28.85-ca-fx-jdk21.0.0-win_x64\bin\msvcp140_2.dll
Event: 0.404 Loaded shared library C:\Users\konte\Downloads\zulu21.28.85-ca-fx-jdk21.0.0-win_x64\bin\prism_d3d.dll
Event: 0.431 Loaded shared library C:\Users\konte\Downloads\zulu21.28.85-ca-fx-jdk21.0.0-win_x64\bin\glass.dll
Event: 0.640 Loaded shared library C:\Users\konte\Downloads\zulu21.28.85-ca-fx-jdk21.0.0-win_x64\bin\javafx_font.dll
Event: 0.934 Loaded shared library C:\Users\konte\Downloads\zulu21.28.85-ca-fx-jdk21.0.0-win_x64\bin\verify.dll

Deoptimization events (20 events):
Event: 0.976 Thread 0x000002797f80eca0 Uncommon trap: trap_request=0xffffffc6 fr.pc=0x0000027907b494f0 relative=0x0000000000000310
Event: 0.976 Thread 0x000002797f80eca0 Uncommon trap: reason=bimorphic_or_optimized_type_check action=maybe_recompile pc=0x0000027907b494f0 method=java.util.concurrent.ConcurrentHashMap.get(Ljava/lang/Object;)Ljava/lang/Object; @ 149 c2
Event: 0.976 Thread 0x000002797f80eca0 DEOPT PACKING pc=0x0000027907b494f0 sp=0x0000008e358fa570
Event: 0.976 Thread 0x000002797f80eca0 DEOPT UNPACKING pc=0x00000279075846a2 sp=0x0000008e358fa4f0 mode 2
Event: 0.979 Thread 0x000002797f80eca0 Uncommon trap: trap_request=0xffffffc6 fr.pc=0x0000027907b494f0 relative=0x0000000000000310
Event: 0.979 Thread 0x000002797f80eca0 Uncommon trap: reason=bimorphic_or_optimized_type_check action=maybe_recompile pc=0x0000027907b494f0 method=java.util.concurrent.ConcurrentHashMap.get(Ljava/lang/Object;)Ljava/lang/Object; @ 149 c2
Event: 0.979 Thread 0x000002797f80eca0 DEOPT PACKING pc=0x0000027907b494f0 sp=0x0000008e358fa570
Event: 0.979 Thread 0x000002797f80eca0 DEOPT UNPACKING pc=0x00000279075846a2 sp=0x0000008e358fa4f0 mode 2
Event: 0.979 Thread 0x000002797f80eca0 Uncommon trap: trap_request=0xffffffc6 fr.pc=0x0000027907b494f0 relative=0x0000000000000310
Event: 0.979 Thread 0x000002797f80eca0 Uncommon trap: reason=bimorphic_or_optimized_type_check action=maybe_recompile pc=0x0000027907b494f0 method=java.util.concurrent.ConcurrentHashMap.get(Ljava/lang/Object;)Ljava/lang/Object; @ 149 c2
Event: 0.979 Thread 0x000002797f80eca0 DEOPT PACKING pc=0x0000027907b494f0 sp=0x0000008e358fa570
Event: 0.979 Thread 0x000002797f80eca0 DEOPT UNPACKING pc=0x00000279075846a2 sp=0x0000008e358fa4f0 mode 2
Event: 0.980 Thread 0x000002797f80eca0 Uncommon trap: trap_request=0xffffff45 fr.pc=0x0000027907b48310 relative=0x0000000000000c10
Event: 0.980 Thread 0x000002797f80eca0 Uncommon trap: reason=unstable_if action=reinterpret pc=0x0000027907b48310 method=jdk.internal.org.objectweb.asm.SymbolTable.put(Ljdk/internal/org/objectweb/asm/SymbolTable$Entry;)Ljdk/internal/org/objectweb/asm/SymbolTable$Entry; @ 13 c2
Event: 0.980 Thread 0x000002797f80eca0 DEOPT PACKING pc=0x0000027907b48310 sp=0x0000008e358fa4e0
Event: 0.980 Thread 0x000002797f80eca0 DEOPT UNPACKING pc=0x00000279075846a2 sp=0x0000008e358fa418 mode 2
Event: 1.017 Thread 0x000002797ece2de0 Uncommon trap: trap_request=0xffffff45 fr.pc=0x0000027907b15de0 relative=0x0000000000000220
Event: 1.017 Thread 0x000002797ece2de0 Uncommon trap: reason=unstable_if action=reinterpret pc=0x0000027907b15de0 method=java.lang.StringLatin1.lastIndexOf([BI[BII)I @ 86 c2
Event: 1.017 Thread 0x000002797ece2de0 DEOPT PACKING pc=0x0000027907b15de0 sp=0x0000008e34afe5c0
Event: 1.017 Thread 0x000002797ece2de0 DEOPT UNPACKING pc=0x00000279075846a2 sp=0x0000008e34afe4a0 mode 2

Classes loaded (20 events):
Event: 1.013 Loading class sun/util/locale/provider/TimeZoneNameProviderImpl done
Event: 1.013 Loading class sun/util/cldr/CLDRTimeZoneNameProviderImpl done
Event: 1.015 Loading class sun/util/locale/provider/BaseLocaleDataMetaInfo
Event: 1.015 Loading class sun/util/locale/provider/BaseLocaleDataMetaInfo done
Event: 1.016 Loading class sun/util/resources/cldr/TimeZoneNames
Event: 1.016 Loading class sun/util/resources/TimeZoneNamesBundle
Event: 1.016 Loading class sun/util/resources/OpenListResourceBundle
Event: 1.016 Loading class sun/util/resources/OpenListResourceBundle done
Event: 1.016 Loading class sun/util/resources/TimeZoneNamesBundle done
Event: 1.016 Loading class sun/util/resources/cldr/TimeZoneNames done
Event: 1.016 Loading class sun/util/resources/cldr/TimeZoneNames_en
Event: 1.017 Loading class sun/util/resources/cldr/TimeZoneNames_en done
Event: 1.017 Loading class sun/util/resources/cldr/TimeZoneNames_en_US
Event: 1.017 Loading class sun/util/resources/cldr/TimeZoneNames_en_US done
Event: 1.018 Loading class sun/util/cldr/CLDRBaseLocaleDataMetaInfo$TZCanonicalIDMapHolder
Event: 1.018 Loading class sun/util/cldr/CLDRBaseLocaleDataMetaInfo$TZCanonicalIDMapHolder done
Event: 1.019 Loading class sun/util/resources/TimeZoneNames
Event: 1.020 Loading class sun/util/resources/TimeZoneNames done
Event: 1.020 Loading class sun/util/resources/TimeZoneNames_en
Event: 1.020 Loading class sun/util/resources/TimeZoneNames_en done

Classes unloaded (0 events):
No events

Classes redefined (0 events):
No events

Internal exceptions (20 events):
Event: 0.729 Thread 0x000002797f80eca0 Exception <a 'java/lang/NoSuchMethodError'{0x0000000710325cf8}: 'void java.lang.invoke.DirectMethodHandle$Holder.invokeSpecial(java.lang.Object, java.lang.Object, int)'> (0x0000000710325cf8) 
thrown [s\src\hotspot\share\interpreter\linkResolver.cpp, line 773]
Event: 0.730 Thread 0x000002797f80eca0 Exception <a 'java/lang/NoSuchMethodError'{0x0000000710329a78}: 'int java.lang.invoke.DirectMethodHandle$Holder.invokeSpecial(java.lang.Object, java.lang.Object, java.lang.Object, int)'> (0x0000000710329a78) 
thrown [s\src\hotspot\share\interpreter\linkResolver.cpp, line 773]
Event: 0.730 Thread 0x000002797f80eca0 Exception <a 'java/lang/NoSuchMethodError'{0x0000000710333950}: 'void java.lang.invoke.DelegatingMethodHandle$Holder.reinvoke_L(java.lang.Object, java.lang.Object, int)'> (0x0000000710333950) 
thrown [s\src\hotspot\share\interpreter\linkResolver.cpp, line 773]
Event: 0.731 Thread 0x000002797f80eca0 Exception <a 'java/lang/NoSuchMethodError'{0x0000000710337378}: 'int java.lang.invoke.DirectMethodHandle$Holder.invokeSpecial(java.lang.Object, java.lang.Object, java.lang.Object)'> (0x0000000710337378) 
thrown [s\src\hotspot\share\interpreter\linkResolver.cpp, line 773]
Event: 0.742 Thread 0x000002797f80eca0 Exception <a 'sun/nio/fs/WindowsException'{0x00000007103d7898}> (0x00000007103d7898) 
thrown [s\src\hotspot\share\prims\jni.cpp, line 520]
Event: 0.746 Thread 0x000002797f80eca0 Exception <a 'sun/nio/fs/WindowsException'{0x00000007103e5188}> (0x00000007103e5188) 
thrown [s\src\hotspot\share\prims\jni.cpp, line 520]
Event: 0.750 Thread 0x000002797f80eca0 Exception <a 'java/lang/NoSuchMethodError'{0x00000007103fc498}: 'java.lang.ClassLoader java.lang.Class.getClassLoader(java.lang.Class)'> (0x00000007103fc498) 
thrown [s\src\hotspot\share\interpreter\linkResolver.cpp, line 773]
Event: 0.750 Thread 0x000002797f80eca0 Exception <a 'java/lang/NoSuchMethodError'{0x0000000710001298}: 'java.lang.Object java.lang.invoke.DirectMethodHandle$Holder.invokeStatic(java.lang.Object, java.lang.Object, int)'> (0x0000000710001298) 
thrown [s\src\hotspot\share\interpreter\linkResolver.cpp, line 773]
Event: 0.751 Thread 0x000002797f80eca0 Exception <a 'java/lang/NoSuchMethodError'{0x0000000710005950}: 'void java.lang.invoke.DirectMethodHandle$Holder.invokeStatic(java.lang.Object, java.lang.Object, int, java.lang.Object)'> (0x0000000710005950) 
thrown [s\src\hotspot\share\interpreter\linkResolver.cpp, line 773]
Event: 0.751 Thread 0x000002797f80eca0 Exception <a 'java/lang/NoSuchMethodError'{0x000000071000c670}: 'void java.lang.invoke.DelegatingMethodHandle$Holder.delegate(java.lang.Object, java.lang.Object, int, java.lang.Object)'> (0x000000071000c670) 
thrown [s\src\hotspot\share\interpreter\linkResolver.cpp, line 773]
Event: 0.755 Thread 0x000002797f80eca0 Exception <a 'sun/nio/fs/WindowsException'{0x0000000710036238}> (0x0000000710036238) 
thrown [s\src\hotspot\share\prims\jni.cpp, line 520]
Event: 0.784 Thread 0x000002797f80eca0 Exception <a 'sun/nio/fs/WindowsException'{0x00000007101cddd8}> (0x00000007101cddd8) 
thrown [s\src\hotspot\share\prims\jni.cpp, line 520]
Event: 0.803 Thread 0x000002797f80eca0 Exception <a 'sun/nio/fs/WindowsException'{0x000000070fe2da70}> (0x000000070fe2da70) 
thrown [s\src\hotspot\share\prims\jni.cpp, line 520]
Event: 0.819 Thread 0x000002797f80eca0 Exception <a 'java/lang/ClassNotFoundException'{0x000000070fe65cc8}: com/sun/org/apache/xerces/internal/impl/xpath/regex/spi/messageProvider> (0x000000070fe65cc8) 
thrown [s\src\hotspot\share\classfile\systemDictionary.cpp, line 312]
Event: 0.869 Thread 0x000002797f80eca0 Exception <a 'sun/nio/fs/WindowsException'{0x000000070ffd98a8}> (0x000000070ffd98a8) 
thrown [s\src\hotspot\share\prims\jni.cpp, line 520]
Event: 0.873 Thread 0x000002797f80eca0 Exception <a 'java/lang/NoSuchMethodError'{0x000000070ffe5530}: 'java.lang.Object java.lang.invoke.DirectMethodHandle$Holder.invokeStatic(java.lang.Object, int, java.lang.Object)'> (0x000000070ffe5530) 
thrown [s\src\hotspot\share\interpreter\linkResolver.cpp, line 773]
Event: 0.897 Thread 0x000002797f80eca0 Exception <a 'sun/nio/fs/WindowsException'{0x000000070fd384b8}> (0x000000070fd384b8) 
thrown [s\src\hotspot\share\prims\jni.cpp, line 520]
Event: 0.907 Thread 0x000002797f80eca0 Exception <a 'sun/nio/fs/WindowsException'{0x000000070fa2a790}> (0x000000070fa2a790) 
thrown [s\src\hotspot\share\prims\jni.cpp, line 520]
Event: 0.929 Thread 0x000002797f80eca0 Exception <a 'sun/nio/fs/WindowsException'{0x000000070f8513d8}> (0x000000070f8513d8) 
thrown [s\src\hotspot\share\prims\jni.cpp, line 520]
Event: 1.022 Thread 0x000002797f80eca0 Exception <a 'java/lang/NoSuchMethodError'{0x000000070f1b0ec0}: 'int java.lang.invoke.DirectMethodHandle$Holder.invokeVirtual(java.lang.Object, java.lang.Object)'> (0x000000070f1b0ec0) 
thrown [s\src\hotspot\share\interpreter\linkResolver.cpp, line 773]

ZGC Phase Switch (0 events):
No events

VM Operations (20 events):
Event: 0.138 Executing VM operation: HandshakeAllThreads (Deoptimize)
Event: 0.138 Executing VM operation: HandshakeAllThreads (Deoptimize) done
Event: 0.204 Executing VM operation: HandshakeAllThreads (Deoptimize)
Event: 0.204 Executing VM operation: HandshakeAllThreads (Deoptimize) done
Event: 0.427 Executing VM operation: HandshakeAllThreads (Deoptimize)
Event: 0.427 Executing VM operation: HandshakeAllThreads (Deoptimize) done
Event: 0.487 Executing VM operation: G1CollectForAllocation (G1 Evacuation Pause)
Event: 0.491 Executing VM operation: G1CollectForAllocation (G1 Evacuation Pause) done
Event: 0.643 Executing VM operation: HandshakeAllThreads (Deoptimize)
Event: 0.643 Executing VM operation: HandshakeAllThreads (Deoptimize) done
Event: 0.756 Executing VM operation: HandshakeAllThreads (Deoptimize)
Event: 0.756 Executing VM operation: HandshakeAllThreads (Deoptimize) done
Event: 0.827 Executing VM operation: HandshakeAllThreads (Deoptimize)
Event: 0.827 Executing VM operation: HandshakeAllThreads (Deoptimize) done
Event: 0.888 Executing VM operation: ICBufferFull
Event: 0.888 Executing VM operation: ICBufferFull done
Event: 0.888 Executing VM operation: HandshakeAllThreads (Deoptimize)
Event: 0.888 Executing VM operation: HandshakeAllThreads (Deoptimize) done
Event: 0.919 Executing VM operation: HandshakeAllThreads (Deoptimize)
Event: 0.919 Executing VM operation: HandshakeAllThreads (Deoptimize) done

Events (19 events):
Event: 0.023 Thread 0x000002796d3df0c0 Thread added: 0x000002796d3df0c0
Event: 0.037 Thread 0x000002797ecdc8e0 Thread added: 0x000002797ecdc8e0
Event: 0.037 Thread 0x000002797ecdd540 Thread added: 0x000002797ecdd540
Event: 0.037 Thread 0x000002797ece00f0 Thread added: 0x000002797ece00f0
Event: 0.037 Thread 0x000002797ece2de0 Thread added: 0x000002797ece2de0
Event: 0.037 Thread 0x000002797ece5ff0 Thread added: 0x000002797ece5ff0
Event: 0.037 Thread 0x000002797ece71f0 Thread added: 0x000002797ece71f0
Event: 0.037 Thread 0x000002797ecedc30 Thread added: 0x000002797ecedc30
Event: 0.037 Thread 0x000002797ecf26e0 Thread added: 0x000002797ecf26e0
Event: 0.073 Thread 0x000002797eca5430 Thread added: 0x000002797eca5430
Event: 0.114 Thread 0x000002797ef75910 Thread added: 0x000002797ef75910
Event: 0.118 Thread 0x000002797eff8fb0 Thread added: 0x000002797eff8fb0
Event: 0.252 Thread 0x000002797f637b90 Thread added: 0x000002797f637b90
Event: 0.252 Thread 0x000002797f5d5a50 Thread added: 0x000002797f5d5a50
Event: 0.400 Thread 0x000002797f634370 Thread added: 0x000002797f634370
Event: 0.432 Thread 0x000002797f809dd0 Thread added: 0x000002797f809dd0
Event: 0.435 Thread 0x000002797f80eca0 Thread added: 0x000002797f80eca0
Event: 0.515 Thread 0x000002797f9f1880 Thread added: 0x000002797f9f1880
Event: 0.517 Thread 0x00000279588500a0 Thread added: 0x00000279588500a0


Dynamic libraries:
0x00007ff621200000 - 0x00007ff62120e000 	C:\Users\konte\Downloads\zulu21.28.85-ca-fx-jdk21.0.0-win_x64\bin\java.exe
0x00007ffc0f910000 - 0x00007ffc0fb08000 	C:\WINDOWS\SYSTEM32\ntdll.dll
0x00007ffbd70d0000 - 0x00007ffbd70e9000 	C:\Program Files\Avast Software\Avast\aswhook.dll
0x00007ffc0d980000 - 0x00007ffc0da3d000 	C:\WINDOWS\System32\KERNEL32.DLL
0x00007ffc0d510000 - 0x00007ffc0d806000 	C:\WINDOWS\System32\KERNELBASE.dll
0x00007ffc0d150000 - 0x00007ffc0d250000 	C:\WINDOWS\System32\ucrtbase.dll
0x00007ffbf7f80000 - 0x00007ffbf7f98000 	C:\Users\konte\Downloads\zulu21.28.85-ca-fx-jdk21.0.0-win_x64\bin\jli.dll
0x00007ffbf3580000 - 0x00007ffbf359b000 	C:\Users\konte\Downloads\zulu21.28.85-ca-fx-jdk21.0.0-win_x64\bin\VCRUNTIME140.dll
0x00007ffc0e750000 - 0x00007ffc0e8ee000 	C:\WINDOWS\System32\USER32.dll
0x00007ffc0d810000 - 0x00007ffc0d832000 	C:\WINDOWS\System32\win32u.dll
0x00007ffbfaa10000 - 0x00007ffbfacaa000 	C:\WINDOWS\WinSxS\amd64_microsoft.windows.common-controls_6595b64144ccf1df_6.0.19041.3636_none_60b6a03d71f818d5\COMCTL32.dll
0x00007ffc0edd0000 - 0x00007ffc0edfc000 	C:\WINDOWS\System32\GDI32.dll
0x00007ffc0f830000 - 0x00007ffc0f8ce000 	C:\WINDOWS\System32\msvcrt.dll
0x00007ffc0d3f0000 - 0x00007ffc0d50a000 	C:\WINDOWS\System32\gdi32full.dll
0x00007ffc0d2a0000 - 0x00007ffc0d33d000 	C:\WINDOWS\System32\msvcp_win.dll
0x00007ffc0e970000 - 0x00007ffc0e9a0000 	C:\WINDOWS\System32\IMM32.DLL
0x00007ffbfbdc0000 - 0x00007ffbfbdcc000 	C:\Users\konte\Downloads\zulu21.28.85-ca-fx-jdk21.0.0-win_x64\bin\vcruntime140_1.dll
0x00007ffbea760000 - 0x00007ffbea7ee000 	C:\Users\konte\Downloads\zulu21.28.85-ca-fx-jdk21.0.0-win_x64\bin\msvcp140.dll
0x00007ffbbd420000 - 0x00007ffbbe1ab000 	C:\Users\konte\Downloads\zulu21.28.85-ca-fx-jdk21.0.0-win_x64\bin\server\jvm.dll
0x00007ffc0f780000 - 0x00007ffc0f82f000 	C:\WINDOWS\System32\ADVAPI32.dll
0x00007ffc0e430000 - 0x00007ffc0e4cc000 	C:\WINDOWS\System32\sechost.dll
0x00007ffc0ee00000 - 0x00007ffc0ef26000 	C:\WINDOWS\System32\RPCRT4.dll
0x00007ffc0ed00000 - 0x00007ffc0ed6b000 	C:\WINDOWS\System32\WS2_32.dll
0x00007ffc0cda0000 - 0x00007ffc0cdeb000 	C:\WINDOWS\SYSTEM32\POWRPROF.dll
0x00007ffc039e0000 - 0x00007ffc03a07000 	C:\WINDOWS\SYSTEM32\WINMM.dll
0x00007ffc04180000 - 0x00007ffc0418a000 	C:\WINDOWS\SYSTEM32\VERSION.dll
0x00007ffc0cd10000 - 0x00007ffc0cd22000 	C:\WINDOWS\SYSTEM32\UMPDC.dll
0x00007ffc0aeb0000 - 0x00007ffc0aec2000 	C:\WINDOWS\SYSTEM32\kernel.appcore.dll
0x00007ffbf9860000 - 0x00007ffbf986a000 	C:\Users\konte\Downloads\zulu21.28.85-ca-fx-jdk21.0.0-win_x64\bin\jimage.dll
0x00007ffc01240000 - 0x00007ffc01424000 	C:\WINDOWS\SYSTEM32\DBGHELP.DLL
0x00007ffc011d0000 - 0x00007ffc01204000 	C:\WINDOWS\SYSTEM32\dbgcore.DLL
0x00007ffc0d8e0000 - 0x00007ffc0d962000 	C:\WINDOWS\System32\bcryptPrimitives.dll
0x00007ffc08890000 - 0x00007ffc0889f000 	C:\Users\konte\Downloads\zulu21.28.85-ca-fx-jdk21.0.0-win_x64\bin\instrument.dll
0x00007ffbf25f0000 - 0x00007ffbf260f000 	C:\Users\konte\Downloads\zulu21.28.85-ca-fx-jdk21.0.0-win_x64\bin\java.dll
0x00007ffc0db00000 - 0x00007ffc0e245000 	C:\WINDOWS\System32\SHELL32.dll
0x00007ffc0b0b0000 - 0x00007ffc0b84b000 	C:\WINDOWS\SYSTEM32\windows.storage.dll
0x00007ffc0e9a0000 - 0x00007ffc0ecf4000 	C:\WINDOWS\System32\combase.dll
0x00007ffc0c9c0000 - 0x00007ffc0c9ed000 	C:\WINDOWS\SYSTEM32\Wldp.dll
0x00007ffc0da40000 - 0x00007ffc0daed000 	C:\WINDOWS\System32\SHCORE.dll
0x00007ffc0e340000 - 0x00007ffc0e395000 	C:\WINDOWS\System32\shlwapi.dll
0x00007ffc0cf20000 - 0x00007ffc0cf45000 	C:\WINDOWS\SYSTEM32\profapi.dll
0x00007ffbe99a0000 - 0x00007ffbe9a77000 	C:\Users\konte\Downloads\zulu21.28.85-ca-fx-jdk21.0.0-win_x64\bin\jsvml.dll
0x00007ffbf6d90000 - 0x00007ffbf6da0000 	C:\Users\konte\Downloads\zulu21.28.85-ca-fx-jdk21.0.0-win_x64\bin\net.dll
0x00007ffc062c0000 - 0x00007ffc063ca000 	C:\WINDOWS\SYSTEM32\WINHTTP.dll
0x00007ffc0c720000 - 0x00007ffc0c78a000 	C:\WINDOWS\system32\mswsock.dll
0x00007ffbf2180000 - 0x00007ffbf2196000 	C:\Users\konte\Downloads\zulu21.28.85-ca-fx-jdk21.0.0-win_x64\bin\nio.dll
0x00007ffbf0da0000 - 0x00007ffbf0db8000 	C:\Users\konte\Downloads\zulu21.28.85-ca-fx-jdk21.0.0-win_x64\bin\zip.dll
0x00007ffbfd770000 - 0x00007ffbfd78a000 	C:\Program Files\JetBrains\IntelliJ IDEA 2023.2.2\bin\breakgen64.dll
0x000002796d300000 - 0x000002796d304000 	C:\Users\konte\Downloads\zulu21.28.85-ca-fx-jdk21.0.0-win_x64\bin\api-ms-win-core-console-l1-1-0.dll
0x000002796d310000 - 0x000002796d314000 	C:\Users\konte\Downloads\zulu21.28.85-ca-fx-jdk21.0.0-win_x64\bin\api-ms-win-core-console-l1-2-0.dll
0x000002796d320000 - 0x000002796d324000 	C:\Users\konte\Downloads\zulu21.28.85-ca-fx-jdk21.0.0-win_x64\bin\api-ms-win-core-datetime-l1-1-0.dll
0x000002796d330000 - 0x000002796d334000 	C:\Users\konte\Downloads\zulu21.28.85-ca-fx-jdk21.0.0-win_x64\bin\api-ms-win-core-debug-l1-1-0.dll
0x000002796d340000 - 0x000002796d344000 	C:\Users\konte\Downloads\zulu21.28.85-ca-fx-jdk21.0.0-win_x64\bin\api-ms-win-core-errorhandling-l1-1-0.dll
0x000002796d350000 - 0x000002796d355000 	C:\Users\konte\Downloads\zulu21.28.85-ca-fx-jdk21.0.0-win_x64\bin\api-ms-win-core-file-l1-1-0.dll
0x000002796d360000 - 0x000002796d364000 	C:\Users\konte\Downloads\zulu21.28.85-ca-fx-jdk21.0.0-win_x64\bin\api-ms-win-core-file-l1-2-0.dll
0x000002796d370000 - 0x000002796d374000 	C:\Users\konte\Downloads\zulu21.28.85-ca-fx-jdk21.0.0-win_x64\bin\api-ms-win-core-file-l2-1-0.dll
0x000002796d380000 - 0x000002796d384000 	C:\Users\konte\Downloads\zulu21.28.85-ca-fx-jdk21.0.0-win_x64\bin\api-ms-win-core-handle-l1-1-0.dll
0x000002796d390000 - 0x000002796d394000 	C:\Users\konte\Downloads\zulu21.28.85-ca-fx-jdk21.0.0-win_x64\bin\api-ms-win-core-heap-l1-1-0.dll
0x000002796d3a0000 - 0x000002796d3a4000 	C:\Users\konte\Downloads\zulu21.28.85-ca-fx-jdk21.0.0-win_x64\bin\api-ms-win-core-interlocked-l1-1-0.dll
0x000002797fa20000 - 0x000002797fa24000 	C:\Users\konte\Downloads\zulu21.28.85-ca-fx-jdk21.0.0-win_x64\bin\api-ms-win-core-libraryloader-l1-1-0.dll
0x000002797fa30000 - 0x000002797fa34000 	C:\Users\konte\Downloads\zulu21.28.85-ca-fx-jdk21.0.0-win_x64\bin\api-ms-win-core-localization-l1-2-0.dll
0x000002797fa40000 - 0x000002797fa44000 	C:\Users\konte\Downloads\zulu21.28.85-ca-fx-jdk21.0.0-win_x64\bin\api-ms-win-core-memory-l1-1-0.dll
0x000002797fa50000 - 0x000002797fa54000 	C:\Users\konte\Downloads\zulu21.28.85-ca-fx-jdk21.0.0-win_x64\bin\api-ms-win-core-namedpipe-l1-1-0.dll
0x000002797fa60000 - 0x000002797fa64000 	C:\Users\konte\Downloads\zulu21.28.85-ca-fx-jdk21.0.0-win_x64\bin\api-ms-win-core-processenvironment-l1-1-0.dll
0x000002797fa70000 - 0x000002797fa74000 	C:\Users\konte\Downloads\zulu21.28.85-ca-fx-jdk21.0.0-win_x64\bin\api-ms-win-core-processthreads-l1-1-0.dll
0x000002797fa80000 - 0x000002797fa84000 	C:\Users\konte\Downloads\zulu21.28.85-ca-fx-jdk21.0.0-win_x64\bin\api-ms-win-core-processthreads-l1-1-1.dll
0x000002797fa90000 - 0x000002797fa94000 	C:\Users\konte\Downloads\zulu21.28.85-ca-fx-jdk21.0.0-win_x64\bin\api-ms-win-core-profile-l1-1-0.dll
0x000002797faa0000 - 0x000002797faa4000 	C:\Users\konte\Downloads\zulu21.28.85-ca-fx-jdk21.0.0-win_x64\bin\api-ms-win-core-rtlsupport-l1-1-0.dll
0x000002797fab0000 - 0x000002797fab4000 	C:\Users\konte\Downloads\zulu21.28.85-ca-fx-jdk21.0.0-win_x64\bin\api-ms-win-core-string-l1-1-0.dll
0x000002797fac0000 - 0x000002797fac4000 	C:\Users\konte\Downloads\zulu21.28.85-ca-fx-jdk21.0.0-win_x64\bin\api-ms-win-core-synch-l1-1-0.dll
0x000002797fad0000 - 0x000002797fad4000 	C:\Users\konte\Downloads\zulu21.28.85-ca-fx-jdk21.0.0-win_x64\bin\api-ms-win-core-synch-l1-2-0.dll
0x000002797fae0000 - 0x000002797fae4000 	C:\Users\konte\Downloads\zulu21.28.85-ca-fx-jdk21.0.0-win_x64\bin\api-ms-win-core-sysinfo-l1-1-0.dll
0x000002797faf0000 - 0x000002797faf4000 	C:\Users\konte\Downloads\zulu21.28.85-ca-fx-jdk21.0.0-win_x64\bin\api-ms-win-core-timezone-l1-1-0.dll
0x000002797fb00000 - 0x000002797fb04000 	C:\Users\konte\Downloads\zulu21.28.85-ca-fx-jdk21.0.0-win_x64\bin\api-ms-win-core-util-l1-1-0.dll
0x000002797fb10000 - 0x000002797fb14000 	C:\Users\konte\Downloads\zulu21.28.85-ca-fx-jdk21.0.0-win_x64\bin\api-ms-win-crt-conio-l1-1-0.dll
0x000002797fb20000 - 0x000002797fb25000 	C:\Users\konte\Downloads\zulu21.28.85-ca-fx-jdk21.0.0-win_x64\bin\api-ms-win-crt-convert-l1-1-0.dll
0x000002797fb30000 - 0x000002797fb34000 	C:\Users\konte\Downloads\zulu21.28.85-ca-fx-jdk21.0.0-win_x64\bin\api-ms-win-crt-environment-l1-1-0.dll
0x000002797fb40000 - 0x000002797fb44000 	C:\Users\konte\Downloads\zulu21.28.85-ca-fx-jdk21.0.0-win_x64\bin\api-ms-win-crt-filesystem-l1-1-0.dll
0x000002797fb50000 - 0x000002797fb54000 	C:\Users\konte\Downloads\zulu21.28.85-ca-fx-jdk21.0.0-win_x64\bin\api-ms-win-crt-heap-l1-1-0.dll
0x000002797fb60000 - 0x000002797fb64000 	C:\Users\konte\Downloads\zulu21.28.85-ca-fx-jdk21.0.0-win_x64\bin\api-ms-win-crt-locale-l1-1-0.dll
0x000002797fb70000 - 0x000002797fb76000 	C:\Users\konte\Downloads\zulu21.28.85-ca-fx-jdk21.0.0-win_x64\bin\api-ms-win-crt-math-l1-1-0.dll
0x000002797fb80000 - 0x000002797fb86000 	C:\Users\konte\Downloads\zulu21.28.85-ca-fx-jdk21.0.0-win_x64\bin\api-ms-win-crt-multibyte-l1-1-0.dll
0x000002797fb90000 - 0x000002797fba1000 	C:\Users\konte\Downloads\zulu21.28.85-ca-fx-jdk21.0.0-win_x64\bin\api-ms-win-crt-private-l1-1-0.dll
0x000002797fbb0000 - 0x000002797fbb4000 	C:\Users\konte\Downloads\zulu21.28.85-ca-fx-jdk21.0.0-win_x64\bin\api-ms-win-crt-process-l1-1-0.dll
0x000002797fbc0000 - 0x000002797fbc5000 	C:\Users\konte\Downloads\zulu21.28.85-ca-fx-jdk21.0.0-win_x64\bin\api-ms-win-crt-runtime-l1-1-0.dll
0x000002797fbd0000 - 0x000002797fbd5000 	C:\Users\konte\Downloads\zulu21.28.85-ca-fx-jdk21.0.0-win_x64\bin\api-ms-win-crt-stdio-l1-1-0.dll
0x000002797fbe0000 - 0x000002797fbe5000 	C:\Users\konte\Downloads\zulu21.28.85-ca-fx-jdk21.0.0-win_x64\bin\api-ms-win-crt-string-l1-1-0.dll
0x000002797fbf0000 - 0x000002797fbf4000 	C:\Users\konte\Downloads\zulu21.28.85-ca-fx-jdk21.0.0-win_x64\bin\api-ms-win-crt-time-l1-1-0.dll
0x000002797fc00000 - 0x000002797fc04000 	C:\Users\konte\Downloads\zulu21.28.85-ca-fx-jdk21.0.0-win_x64\bin\api-ms-win-crt-utility-l1-1-0.dll
0x00007ffbcf110000 - 0x00007ffbcf220000 	C:\Users\konte\Downloads\zulu21.28.85-ca-fx-jdk21.0.0-win_x64\bin\ucrtbase.dll
0x00007ffbfd760000 - 0x00007ffbfd769000 	C:\Users\konte\Downloads\zulu21.28.85-ca-fx-jdk21.0.0-win_x64\bin\msvcp140_1.dll
0x00007ffbfc490000 - 0x00007ffbfc4c0000 	C:\Users\konte\Downloads\zulu21.28.85-ca-fx-jdk21.0.0-win_x64\bin\msvcp140_2.dll
0x00007ffbfc460000 - 0x00007ffbfc48f000 	C:\Users\konte\Downloads\zulu21.28.85-ca-fx-jdk21.0.0-win_x64\bin\prism_d3d.dll
0x00007ffba0670000 - 0x00007ffba083d000 	C:\WINDOWS\system32\d3d9.dll
0x00007ffc0abc0000 - 0x00007ffc0abef000 	C:\WINDOWS\SYSTEM32\dwmapi.dll
0x00007ffc0a9e0000 - 0x00007ffc0aa7e000 	C:\WINDOWS\system32\uxtheme.dll
0x00007ffc03a10000 - 0x00007ffc03bed000 	C:\WINDOWS\System32\DriverStore\FileRepository\c0342855.inf_amd64_e2ef814e68f7dc8c\B342717\aticfx64.dll
0x00007ffb974b0000 - 0x00007ffb974e0000 	C:\WINDOWS\System32\DriverStore\FileRepository\c0342855.inf_amd64_e2ef814e68f7dc8c\B342717\atiu9p64.dll
0x00007ffb86fc0000 - 0x00007ffb87c8b000 	C:\WINDOWS\System32\DriverStore\FileRepository\c0342855.inf_amd64_e2ef814e68f7dc8c\B342717\atiumd64.dll
0x00007ffc0f040000 - 0x00007ffc0f16b000 	C:\WINDOWS\System32\ole32.dll
0x000000006a2f0000 - 0x000000006b073000 	C:\WINDOWS\System32\DriverStore\FileRepository\c0342855.inf_amd64_e2ef814e68f7dc8c\B342717\atiumd6a.dll
0x00007ffbf98b0000 - 0x00007ffbf98f2000 	C:\Users\konte\Downloads\zulu21.28.85-ca-fx-jdk21.0.0-win_x64\bin\glass.dll
0x00007ffc0e260000 - 0x00007ffc0e33a000 	C:\WINDOWS\System32\COMDLG32.dll
0x00007ffc0e4d0000 - 0x00007ffc0e59d000 	C:\WINDOWS\System32\OLEAUT32.dll
0x00007ffc0f1f0000 - 0x00007ffc0f304000 	C:\WINDOWS\System32\MSCTF.dll
0x00007ffc07740000 - 0x00007ffc0777b000 	C:\WINDOWS\SYSTEM32\dxcore.dll
0x00007ffc0d250000 - 0x00007ffc0d29e000 	C:\WINDOWS\System32\cfgmgr32.dll
0x00007ffbf69e0000 - 0x00007ffbf69f4000 	C:\Users\konte\Downloads\zulu21.28.85-ca-fx-jdk21.0.0-win_x64\bin\javafx_font.dll
0x00007ffbef350000 - 0x00007ffbef360000 	C:\Users\konte\Downloads\zulu21.28.85-ca-fx-jdk21.0.0-win_x64\bin\verify.dll

dbghelp: loaded successfully - version: 4.0.5 - missing functions: none
symbol engine: initialized successfully - sym options: 0x614 - pdb path: .;C:\Users\konte\Downloads\zulu21.28.85-ca-fx-jdk21.0.0-win_x64\bin;C:\WINDOWS\SYSTEM32;C:\Program Files\Avast Software\Avast;C:\WINDOWS\WinSxS\amd64_microsoft.windows.common-controls_6595b64144ccf1df_6.0.19041.3636_none_60b6a03d71f818d5;C:\Users\konte\Downloads\zulu21.28.85-ca-fx-jdk21.0.0-win_x64\bin\server;C:\Program Files\JetBrains\IntelliJ IDEA 2023.2.2\bin;C:\WINDOWS\System32\DriverStore\FileRepository\c0342855.inf_amd64_e2ef814e68f7dc8c\B342717

VM Arguments:
jvm_args: -javaagent:C:\Program Files\JetBrains\IntelliJ IDEA 2023.2.2\lib\idea_rt.jar=61248:C:\Program Files\JetBrains\IntelliJ IDEA 2023.2.2\bin -Dfile.encoding=UTF-8 -Dsun.stdout.encoding=UTF-8 -Dsun.stderr.encoding=UTF-8 --module-path=C:\Users\konte\.m2\repository\com\google\code\gson\gson\2.10.1\gson-2.10.1.jar;C:\Users\konte\.m2\repository\org\openjfx\javafx-controls\17.0.0.1\javafx-controls-17.0.0.1-win.jar;C:\Users\konte\.m2\repository\org\openjfx\javafx-graphics\17.0.0.1\javafx-graphics-17.0.0.1-win.jar;C:\Users\konte\.m2\repository\org\openjfx\javafx-base\17.0.0.1\javafx-base-17.0.0.1-win.jar;C:\Users\konte\.m2\repository\jakarta\persistence\jakarta.persistence-api\3.0.0\jakarta.persistence-api-3.0.0.jar;C:\Users\konte\.m2\repository\org\springframework\spring-core\5.2.23.RELEASE\spring-core-5.2.23.RELEASE.jar;C:\Users\konte\.m2\repository\org\springframework\spring-context\5.2.23.RELEASE\spring-context-5.2.23.RELEASE.jar;C:\Users\konte\.m2\repository\org\springframework\spring-web\5.2.23.RELEASE\spring-web-5.2.23.RELEASE.jar;C:\Users\konte\Downloads\JavaLectures-main\JavaLectures-main\Prif4Kursinis\target\classes;C:\Users\konte\.m2\repository\org\openjfx\javafx-fxml\17.0.0.1\javafx-fxml-17.0.0.1-win.jar;C:\Users\konte\.m2\repository\org\hibernate\hibernate-core-jakarta\5.6.15.Final\hibernate-core-jakarta-5.6.15.Final.jar;C:\Users\konte\.m2\repository\org\projectlombok\lombok\1.18.30\lombok-1.18.30.jar -Djdk.module.main=com.kursinis.prif4kursinis 
java_command: com.kursinis.prif4kursinis/com.kursinis.prif4kursinis.StartGui
java_class_path (initial): C:\Users\konte\.m2\repository\org\openjfx\javafx-controls\17.0.0.1\javafx-controls-17.0.0.1.jar;C:\Users\konte\.m2\repository\org\openjfx\javafx-graphics\17.0.0.1\javafx-graphics-17.0.0.1.jar;C:\Users\konte\.m2\repository\org\openjfx\javafx-base\17.0.0.1\javafx-base-17.0.0.1.jar;C:\Users\konte\.m2\repository\org\openjfx\javafx-fxml\17.0.0.1\javafx-fxml-17.0.0.1.jar;C:\Users\konte\.m2\repository\com\mysql\mysql-connector-j\8.0.33\mysql-connector-j-8.0.33.jar;C:\Users\konte\.m2\repository\com\google\protobuf\protobuf-java\3.21.9\protobuf-java-3.21.9.jar;C:\Users\konte\.m2\repository\org\jboss\logging\jboss-logging\3.4.3.Final\jboss-logging-3.4.3.Final.jar;C:\Users\konte\.m2\repository\net\bytebuddy\byte-buddy\1.12.18\byte-buddy-1.12.18.jar;C:\Users\konte\.m2\repository\antlr\antlr\2.7.7\antlr-2.7.7.jar;C:\Users\konte\.m2\repository\jakarta\transaction\jakarta.transaction-api\2.0.0\jakarta.transaction-api-2.0.0.jar;C:\Users\konte\.m2\repository\org\jboss\jandex\2.4.2.Final\jandex-2.4.2.Final.jar;C:\Users\konte\.m2\repository\com\fasterxml\classmate\1.5.1\classmate-1.5.1.jar;C:\Users\konte\.m2\repository\jakarta\activation\jakarta.activation-api\2.0.1\jakarta.activation-api-2.0.1.jar;C:\Users\konte\.m2\repository\org\dom4j\dom4j\2.1.3\dom4j-2.1.3.jar;C:\Users\konte\.m2\repository\org\hibernate\common\hibernate-commons-annotations\5.1.2.Final\hibernate-commons-annotations-5.1.2.Final.jar;C:\Users\konte\.m2\repository\jakarta\xml\bind\jakarta.xml.bind-api\3.0.1\jakarta.xml.bind-api-3.0.1.jar;C:\Users\konte\.m2\repository\com\sun\activation\jakarta.activation\2.0.1\jakarta.activation-2.0.1.jar;C:\Users\konte\.m2\repository\org\glassfish\jaxb\jaxb-runtime\3.0.0\jaxb-runtime-3.0.0.jar;C:\Users\konte\.m2\repository\org\glassfish\jaxb\jaxb-core\3.0.0\jaxb-core-3.0.0.jar;C:\Users\konte\.m2\repository\org\glassfish\jaxb\txw2\3.0.0\txw2-3.0.0.jar;C:\Users\konte\.m2\repository\com\sun\istack\istack-commons-runtime\4.0.0\istack-commons-runtime-4.0.0.jar;C:\Users\konte\.m2\repository\org\springframework\spring-webmvc\5.2.23.RELEASE\spring-webmvc-5.2.23.RELEASE.jar;C:\Users\konte\.m2\repository\org\springframework\spring-aop\5.2.23.RELEASE\spring-aop-5.2.23.RELEASE.jar;C:\Users\konte\.m2\repository\org\springframework\spring-beans\5.2.23.RELEASE\spring-beans-5.2.23.RELEASE.jar;C:\Users\konte\.m2\repository\org\springframework\spring-jcl\5.2.23.RELEASE\spring-jcl-5.2.23.RELEASE.jar;C:\Users\konte\.m2\repository\org\springframework\spring-expression\5.2.23.RELEASE\spring-expression-5.2.23.RELEASE.jar
Launcher Type: SUN_STANDARD

[Global flags]
     intx CICompilerCount                          = 4                                         {product} {ergonomic}
     uint ConcGCThreads                            = 3                                         {product} {ergonomic}
     uint G1ConcRefinementThreads                  = 10                                        {product} {ergonomic}
   size_t G1HeapRegionSize                         = 2097152                                   {product} {ergonomic}
    uintx GCDrainStackTargetSize                   = 64                                        {product} {ergonomic}
   size_t InitialHeapSize                          = 268435456                                 {product} {ergonomic}
   size_t MarkStackSize                            = 4194304                                   {product} {ergonomic}
   size_t MaxHeapSize                              = 4282384384                                {product} {ergonomic}
   size_t MaxNewSize                               = 2569011200                                {product} {ergonomic}
   size_t MinHeapDeltaBytes                        = 2097152                                   {product} {ergonomic}
   size_t MinHeapSize                              = 8388608                                   {product} {ergonomic}
    uintx NonNMethodCodeHeapSize                   = 5839372                                {pd product} {ergonomic}
    uintx NonProfiledCodeHeapSize                  = 122909434                              {pd product} {ergonomic}
    uintx ProfiledCodeHeapSize                     = 122909434                              {pd product} {ergonomic}
    uintx ReservedCodeCacheSize                    = 251658240                              {pd product} {ergonomic}
     bool SegmentedCodeCache                       = true                                      {product} {ergonomic}
   size_t SoftMaxHeapSize                          = 4282384384                             {manageable} {ergonomic}
     bool UseCompressedOops                        = true                           {product lp64_product} {ergonomic}
     bool UseG1GC                                  = true                                      {product} {ergonomic}
     bool UseLargePagesIndividualAllocation        = false                                  {pd product} {ergonomic}

Logging:
Log output configuration:
 #0: stdout all=warning uptime,level,tags foldmultilines=false
 #1: stderr all=off uptime,level,tags foldmultilines=false

Environment Variables:
PATH=C:\Program Files (x86)\Razer Chroma SDK\bin;C:\Program Files\Razer Chroma SDK\bin;C:\Windows\system32;C:\Windows;C:\Windows\System32\Wbem;C:\Windows\System32\WindowsPowerShell\v1.0\;C:\Windows\System32\OpenSSH\;C:\Windows\system32\config\systemprofile\AppData\Local\Microsoft\WindowsApps;C:\Program Files\dotnet\;C:\Program Files\Microsoft SQL Server\130\Tools\Binn\;C:\Program Files\Microsoft SQL Server\Client SDK\ODBC\170\Tools\Binn\;C:\WINDOWS\system32;C:\WINDOWS;C:\WINDOWS\System32\Wbem;C:\WINDOWS\System32\WindowsPowerShell\v1.0\;C:\WINDOWS\System32\OpenSSH\;C:\Program Files (x86)\Windows Kits\10\Windows Performance Toolkit\;C:\Program Files\MATLAB\R2019b\bin;C:\Program Files\Git\cmd;C:\Program Files\MySQL\MySQL Shell 8.0\bin\;C:\Users\konte\AppData\Local\Microsoft\WindowsApps;C:\Users\konte\.dotnet\tools;C:\Users\konte\AppData\Local\GitHubDesktop\bin
USERNAME=konte
OS=Windows_NT
PROCESSOR_IDENTIFIER=AMD64 Family 23 Model 8 Stepping 2, AuthenticAMD
TMP=C:\Users\konte\AppData\Local\Temp
TEMP=C:\Users\konte\AppData\Local\Temp




---------------  S Y S T E M  ---------------

OS:
 Windows 10 , 64 bit Build 19041 (10.0.19041.3636)
OS uptime: 8 days 21:02 hours

CPU: total 12 (initial active 12) (12 cores per cpu, 2 threads per core) family 23 model 8 stepping 2 microcode 0x0, cx8, cmov, fxsr, ht, mmx, 3dnowpref, sse, sse2, sse3, ssse3, sse4a, sse4.1, sse4.2, popcnt, lzcnt, tsc, tscinvbit, avx, avx2, aes, clmul, bmi1, bmi2, adx, sha, fma, vzeroupper, clflush, clflushopt, rdtscp, f16c
Processor Information for all 12 processors :
  Max Mhz: 3400, Current Mhz: 3400, Mhz Limit: 3400

Memory: 4k page, system-wide physical 16331M (3462M free)
TotalPageFile size 65483M (AvailPageFile size 3M)
current process WorkingSet (physical memory assigned to process): 129M, peak: 129M
current process commit charge ("private bytes"): 414M, peak: 414M

vm_info: OpenJDK 64-Bit Server VM (21+35) for windows-amd64 JRE (21+35) (Zulu21.28+85-CA), built on 2023-08-25T12:47:19Z by "zulu_re" with MS VC++ 17.1 (VS2022)

END.
